<?xml version="1.0" encoding="UTF-8"?>
<testsuite name="br.com.soft.walter.endpoint.CarroEndpointTest" tests="1" skipped="0" failures="0" errors="0" timestamp="2021-04-27T17:31:19" hostname="ZUP-5501" time="0.118">
  <properties/>
  <testcase name="deve cadastrar carro()" classname="br.com.soft.walter.endpoint.CarroEndpointTest" time="0.118"/>
  <system-out><![CDATA[?[36m14:31:13.715?[0;39m ?[1;30m[Test worker]?[0;39m ?[34mINFO ?[0;39m ?[35mi.m.context.env.DefaultEnvironment?[0;39m - Established active environments: [test]
?[36m14:31:15.235?[0;39m ?[1;30m[Test worker]?[0;39m ?[34mINFO ?[0;39m ?[35mcom.zaxxer.hikari.HikariDataSource?[0;39m - HikariPool-1 - Starting...
?[36m14:31:15.970?[0;39m ?[1;30m[Test worker]?[0;39m ?[34mINFO ?[0;39m ?[35mcom.zaxxer.hikari.HikariDataSource?[0;39m - HikariPool-1 - Start completed.
?[36m14:31:16.039?[0;39m ?[1;30m[Test worker]?[0;39m ?[34mINFO ?[0;39m ?[35morg.hibernate.Version?[0;39m - HHH000412: Hibernate ORM core version 5.4.24.Final
?[36m14:31:16.746?[0;39m ?[1;30m[Test worker]?[0;39m ?[34mINFO ?[0;39m ?[35mo.h.annotations.common.Version?[0;39m - HCANN000001: Hibernate Commons Annotations {5.1.2.Final}
?[36m14:31:17.048?[0;39m ?[1;30m[Test worker]?[0;39m ?[34mINFO ?[0;39m ?[35morg.hibernate.dialect.Dialect?[0;39m - HHH000400: Using dialect: org.hibernate.dialect.MySQL8Dialect
Hibernate: 
    
    create table carro (
       id bigint not null auto_increment,
        modelo varchar(255) not null,
        placa varchar(255) not null,
        primary key (id)
    ) engine=InnoDB
?[36m14:31:20.042?[0;39m ?[1;30m[Test worker]?[0;39m ?[34mINFO ?[0;39m ?[35mcom.zaxxer.hikari.HikariDataSource?[0;39m - HikariPool-1 - Shutdown initiated...
?[36m14:31:20.082?[0;39m ?[1;30m[Test worker]?[0;39m ?[34mINFO ?[0;39m ?[35mcom.zaxxer.hikari.HikariDataSource?[0;39m - HikariPool-1 - Shutdown completed.
]]></system-out>
  <system-err><![CDATA[]]></system-err>
</testsuite>
